<?xml version="1.0" encoding="UTF-8"?>
<!-- Generated by org.testng.reporters.JUnitReportReporter -->
<testsuite hostname="LAPTOP-31QF9S5P" failures="0" tests="9" name="acti123.TestClassPrac" time="0.014" errors="0" timestamp="2022-03-10T20:23:39 IST" skipped="0">
  <testcase classname="acti123.TestClassPrac" name="test3333" time="0.000"/>
  <system-out/>
  <testcase classname="acti123.TestClassPrac" name="test1111" time="0.003"/>
  <system-out/>
  <testcase classname="acti123.TestClassPrac" name="test3333" time="0.002"/>
  <system-out/>
  <testcase classname="acti123.TestClassPrac" name="test2222" time="0.001"/>
  <system-out/>
  <testcase classname="acti123.TestClassPrac" name="test1111" time="0.002"/>
  <system-out/>
  <testcase classname="acti123.TestClassPrac" name="test3333" time="0.000"/>
  <system-out/>
  <testcase classname="acti123.TestClassPrac" name="test1111" time="0.003"/>
  <system-out/>
  <testcase classname="acti123.TestClassPrac" name="test2222" time="0.002"/>
  <system-out/>
  <testcase classname="acti123.TestClassPrac" name="test2222" time="0.001"/>
  <system-out/>
</testsuite> <!-- acti123.TestClassPrac -->
